# JRE version: OpenJDK Runtime Environment (8.0_202-b03) (build 1.8.0_202-release-1483-b03)
# Java VM: OpenJDK 64-Bit Server VM (25.202-b03 mixed mode windows-amd64 compressed oops)
Heap:
 PSYoungGen      total 204800K, used 8679K [0x00000000e0000000, 0x00000000ef480000, 0x0000000100000000)
  eden space 185856K, 4% used [0x00000000e0000000,0x00000000e0879e78,0x00000000eb580000)
  from space 18944K, 0% used [0x00000000eb580000,0x00000000eb580000,0x00000000ec800000)
  to   space 18432K, 0% used [0x00000000ec800000,0x00000000ec800000,0x00000000eda00000)
 ParOldGen       total 119296K, used 34135K [0x00000000a0000000, 0x00000000a7480000, 0x00000000e0000000)
  object space 119296K, 28% used [0x00000000a0000000,0x00000000a2155f48,0x00000000a7480000)
 Metaspace       used 63171K, capacity 64966K, committed 65240K, reserved 1110016K
  class space    used 8256K, capacity 8688K, committed 8704K, reserved 1048576K
GC Heap History (10 events):
Event: 9.359 GC heap before
{Heap before GC invocations=13 (full 2):
 PSYoungGen      total 156160K, used 156155K [0x00000000e0000000, 0x00000000eae80000, 0x0000000100000000)
  eden space 144896K, 100% used [0x00000000e0000000,0x00000000e8d80000,0x00000000e8d80000)
  from space 11264K, 99% used [0x00000000ea380000,0x00000000eae7ecb0,0x00000000eae80000)
  to   space 13824K, 0% used [0x00000000e9380000,0x00000000e9380000,0x00000000ea100000)
 ParOldGen       total 84480K, used 19957K [0x00000000a0000000, 0x00000000a5280000, 0x00000000e0000000)
  object space 84480K, 23% used [0x00000000a0000000,0x00000000a137d578,0x00000000a5280000)
 Metaspace       used 56866K, capacity 58532K, committed 58584K, reserved 1099776K
  class space    used 7741K, capacity 8159K, committed 8192K, reserved 1048576K
Event: 9.378 GC heap after
Heap after GC invocations=13 (full 2):
 PSYoungGen      total 164864K, used 13812K [0x00000000e0000000, 0x00000000eda00000, 0x0000000100000000)
  eden space 151040K, 0% used [0x00000000e0000000,0x00000000e0000000,0x00000000e9380000)
  from space 13824K, 99% used [0x00000000e9380000,0x00000000ea0fd130,0x00000000ea100000)
  to   space 18432K, 0% used [0x00000000ec800000,0x00000000ec800000,0x00000000eda00000)
 ParOldGen       total 84480K, used 28455K [0x00000000a0000000, 0x00000000a5280000, 0x00000000e0000000)
  object space 84480K, 33% used [0x00000000a0000000,0x00000000a1bc9e00,0x00000000a5280000)
 Metaspace       used 56866K, capacity 58532K, committed 58584K, reserved 1099776K
  class space    used 7741K, capacity 8159K, committed 8192K, reserved 1048576K
}
Event: 9.619 GC heap before
{Heap before GC invocations=14 (full 2):
 PSYoungGen      total 164864K, used 32651K [0x00000000e0000000, 0x00000000eda00000, 0x0000000100000000)
  eden space 151040K, 12% used [0x00000000e0000000,0x00000000e1265dd8,0x00000000e9380000)
  from space 13824K, 99% used [0x00000000e9380000,0x00000000ea0fd130,0x00000000ea100000)
  to   space 18432K, 0% used [0x00000000ec800000,0x00000000ec800000,0x00000000eda00000)
 ParOldGen       total 84480K, used 28455K [0x00000000a0000000, 0x00000000a5280000, 0x00000000e0000000)
  object space 84480K, 33% used [0x00000000a0000000,0x00000000a1bc9e00,0x00000000a5280000)
 Metaspace       used 57286K, capacity 58968K, committed 59028K, reserved 1099776K
  class space    used 7777K, capacity 8169K, committed 8192K, reserved 1048576K
Event: 9.641 GC heap after
Heap after GC invocations=14 (full 2):
 PSYoungGen      total 204288K, used 1696K [0x00000000e0000000, 0x00000000ef480000, 0x0000000100000000)
  eden space 185856K, 0% used [0x00000000e0000000,0x00000000e0000000,0x00000000eb580000)
  from space 18432K, 9% used [0x00000000ec800000,0x00000000ec9a8000,0x00000000eda00000)
  to   space 18944K, 0% used [0x00000000eb580000,0x00000000eb580000,0x00000000ec800000)
 ParOldGen       total 84480K, used 34474K [0x00000000a0000000, 0x00000000a5280000, 0x00000000e0000000)
  object space 84480K, 40% used [0x00000000a0000000,0x00000000a21aab40,0x00000000a5280000)
 Metaspace       used 57286K, capacity 58968K, committed 59028K, reserved 1099776K
  class space    used 7777K, capacity 8169K, committed 8192K, reserved 1048576K
}
Event: 9.641 GC heap before
{Heap before GC invocations=15 (full 3):
 PSYoungGen      total 204288K, used 1696K [0x00000000e0000000, 0x00000000ef480000, 0x0000000100000000)
  eden space 185856K, 0% used [0x00000000e0000000,0x00000000e0000000,0x00000000eb580000)
  from space 18432K, 9% used [0x00000000ec800000,0x00000000ec9a8000,0x00000000eda00000)
  to   space 18944K, 0% used [0x00000000eb580000,0x00000000eb580000,0x00000000ec800000)
 ParOldGen       total 84480K, used 34474K [0x00000000a0000000, 0x00000000a5280000, 0x00000000e0000000)
  object space 84480K, 40% used [0x00000000a0000000,0x00000000a21aab40,0x00000000a5280000)
 Metaspace       used 57286K, capacity 58968K, committed 59028K, reserved 1099776K
  class space    used 7777K, capacity 8169K, committed 8192K, reserved 1048576K
Event: 9.841 GC heap after
Heap after GC invocations=15 (full 3):
 PSYoungGen      total 204288K, used 0K [0x00000000e0000000, 0x00000000ef480000, 0x0000000100000000)
  eden space 185856K, 0% used [0x00000000e0000000,0x00000000e0000000,0x00000000eb580000)
  from space 18432K, 0% used [0x00000000ec800000,0x00000000ec800000,0x00000000eda00000)
  to   space 18944K, 0% used [0x00000000eb580000,0x00000000eb580000,0x00000000ec800000)
 ParOldGen       total 119296K, used 28991K [0x00000000a0000000, 0x00000000a7480000, 0x00000000e0000000)
  object space 119296K, 24% used [0x00000000a0000000,0x00000000a1c4fd00,0x00000000a7480000)
 Metaspace       used 57225K, capacity 58792K, committed 59028K, reserved 1099776K
  class space    used 7758K, capacity 8135K, committed 8192K, reserved 1048576K
}
Event: 399.699 GC heap before
{Heap before GC invocations=16 (full 3):
 PSYoungGen      total 204288K, used 140960K [0x00000000e0000000, 0x00000000ef480000, 0x0000000100000000)
  eden space 185856K, 75% used [0x00000000e0000000,0x00000000e89a81c0,0x00000000eb580000)
  from space 18432K, 0% used [0x00000000ec800000,0x00000000ec800000,0x00000000eda00000)
  to   space 18944K, 0% used [0x00000000eb580000,0x00000000eb580000,0x00000000ec800000)
 ParOldGen       total 119296K, used 28991K [0x00000000a0000000, 0x00000000a7480000, 0x00000000e0000000)
  object space 119296K, 24% used [0x00000000a0000000,0x00000000a1c4fd00,0x00000000a7480000)
 Metaspace       used 62914K, capacity 64656K, committed 64728K, reserved 1110016K
  class space    used 8216K, capacity 8653K, committed 8704K, reserved 1048576K
Event: 399.709 GC heap after
Heap after GC invocations=16 (full 3):
 PSYoungGen      total 204800K, used 8617K [0x00000000e0000000, 0x00000000ef480000, 0x0000000100000000)
  eden space 185856K, 0% used [0x00000000e0000000,0x00000000e0000000,0x00000000eb580000)
  from space 18944K, 45% used [0x00000000eb580000,0x00000000ebdea468,0x00000000ec800000)
  to   space 18432K, 0% used [0x00000000ec800000,0x00000000ec800000,0x00000000eda00000)
 ParOldGen       total 119296K, used 28999K [0x00000000a0000000, 0x00000000a7480000, 0x00000000e0000000)
  object space 119296K, 24% used [0x00000000a0000000,0x00000000a1c51d00,0x00000000a7480000)
 Metaspace       used 62914K, capacity 64656K, committed 64728K, reserved 1110016K
  class space    used 8216K, capacity 8653K, committed 8704K, reserved 1048576K
}
Event: 399.709 GC heap before
{Heap before GC invocations=17 (full 4):
 PSYoungGen      total 204800K, used 8617K [0x00000000e0000000, 0x00000000ef480000, 0x0000000100000000)
  eden space 185856K, 0% used [0x00000000e0000000,0x00000000e0000000,0x00000000eb580000)
  from space 18944K, 45% used [0x00000000eb580000,0x00000000ebdea468,0x00000000ec800000)
  to   space 18432K, 0% used [0x00000000ec800000,0x00000000ec800000,0x00000000eda00000)
 ParOldGen       total 119296K, used 28999K [0x00000000a0000000, 0x00000000a7480000, 0x00000000e0000000)
  object space 119296K, 24% used [0x00000000a0000000,0x00000000a1c51d00,0x00000000a7480000)
 Metaspace       used 62914K, capacity 64656K, committed 64728K, reserved 1110016K
  class space    used 8216K, capacity 8653K, committed 8704K, reserved 1048576K
Event: 399.927 GC heap after
Heap after GC invocations=17 (full 4):
 PSYoungGen      total 204800K, used 0K [0x00000000e0000000, 0x00000000ef480000, 0x0000000100000000)
  eden space 185856K, 0% used [0x00000000e0000000,0x00000000e0000000,0x00000000eb580000)
  from space 18944K, 0% used [0x00000000eb580000,0x00000000eb580000,0x00000000ec800000)
  to   space 18432K, 0% used [0x00000000ec800000,0x00000000ec800000,0x00000000eda00000)
 ParOldGen       total 119296K, used 34135K [0x00000000a0000000, 0x00000000a7480000, 0x00000000e0000000)
  object space 119296K, 28% used [0x00000000a0000000,0x00000000a2155f48,0x00000000a7480000)
 Metaspace       used 62914K, capacity 64656K, committed 64728K, reserved 1107968K
  class space    used 8216K, capacity 8653K, committed 8704K, reserved 1048576K
}

