# JRE version: OpenJDK Runtime Environment (8.0_202-b03) (build 1.8.0_202-release-1483-b03)
# Java VM: OpenJDK 64-Bit Server VM (25.202-b03 mixed mode windows-amd64 compressed oops)
Heap:
 PSYoungGen      total 38400K, used 5971K [0x00000000e0000000, 0x00000000e4600000, 0x0000000100000000)
  eden space 28160K, 7% used [0x00000000e0000000,0x00000000e01fd160,0x00000000e1b80000)
  from space 10240K, 38% used [0x00000000e1b80000,0x00000000e1f57ab8,0x00000000e2580000)
  to   space 10240K, 0% used [0x00000000e3c00000,0x00000000e3c00000,0x00000000e4600000)
 ParOldGen       total 55808K, used 10339K [0x00000000a0000000, 0x00000000a3680000, 0x00000000e0000000)
  object space 55808K, 18% used [0x00000000a0000000,0x00000000a0a18f18,0x00000000a3680000)
 Metaspace       used 25622K, capacity 26066K, committed 26496K, reserved 1073152K
  class space    used 3445K, capacity 3616K, committed 3712K, reserved 1048576K
GC Heap History (10 events):
Event: 5.669 GC heap before
{Heap before GC invocations=4 (full 0):
 PSYoungGen      total 38400K, used 38368K [0x00000000e0000000, 0x00000000e2a80000, 0x0000000100000000)
  eden space 33280K, 100% used [0x00000000e0000000,0x00000000e2080000,0x00000000e2080000)
  from space 5120K, 99% used [0x00000000e2080000,0x00000000e25783d0,0x00000000e2580000)
  to   space 5120K, 0% used [0x00000000e2580000,0x00000000e2580000,0x00000000e2a80000)
 ParOldGen       total 87552K, used 1832K [0x00000000a0000000, 0x00000000a5580000, 0x00000000e0000000)
  object space 87552K, 2% used [0x00000000a0000000,0x00000000a01ca330,0x00000000a5580000)
 Metaspace       used 16213K, capacity 16628K, committed 16896K, reserved 1062912K
  class space    used 2302K, capacity 2446K, committed 2560K, reserved 1048576K
Event: 5.676 GC heap after
Heap after GC invocations=4 (full 0):
 PSYoungGen      total 38400K, used 5104K [0x00000000e0000000, 0x00000000e2a80000, 0x0000000100000000)
  eden space 33280K, 0% used [0x00000000e0000000,0x00000000e0000000,0x00000000e2080000)
  from space 5120K, 99% used [0x00000000e2580000,0x00000000e2a7c030,0x00000000e2a80000)
  to   space 5120K, 0% used [0x00000000e2080000,0x00000000e2080000,0x00000000e2580000)
 ParOldGen       total 87552K, used 4901K [0x00000000a0000000, 0x00000000a5580000, 0x00000000e0000000)
  object space 87552K, 5% used [0x00000000a0000000,0x00000000a04c96b0,0x00000000a5580000)
 Metaspace       used 16213K, capacity 16628K, committed 16896K, reserved 1062912K
  class space    used 2302K, capacity 2446K, committed 2560K, reserved 1048576K
}
Event: 6.058 GC heap before
{Heap before GC invocations=5 (full 0):
 PSYoungGen      total 38400K, used 38384K [0x00000000e0000000, 0x00000000e2a80000, 0x0000000100000000)
  eden space 33280K, 100% used [0x00000000e0000000,0x00000000e2080000,0x00000000e2080000)
  from space 5120K, 99% used [0x00000000e2580000,0x00000000e2a7c030,0x00000000e2a80000)
  to   space 5120K, 0% used [0x00000000e2080000,0x00000000e2080000,0x00000000e2580000)
 ParOldGen       total 87552K, used 4901K [0x00000000a0000000, 0x00000000a5580000, 0x00000000e0000000)
  object space 87552K, 5% used [0x00000000a0000000,0x00000000a04c96b0,0x00000000a5580000)
 Metaspace       used 19299K, capacity 19648K, committed 19840K, reserved 1067008K
  class space    used 2793K, capacity 2934K, committed 2944K, reserved 1048576K
Event: 6.063 GC heap after
Heap after GC invocations=5 (full 0):
 PSYoungGen      total 38400K, used 5108K [0x00000000e0000000, 0x00000000e2a80000, 0x0000000100000000)
  eden space 33280K, 0% used [0x00000000e0000000,0x00000000e0000000,0x00000000e2080000)
  from space 5120K, 99% used [0x00000000e2080000,0x00000000e257d040,0x00000000e2580000)
  to   space 5120K, 0% used [0x00000000e2580000,0x00000000e2580000,0x00000000e2a80000)
 ParOldGen       total 87552K, used 8470K [0x00000000a0000000, 0x00000000a5580000, 0x00000000e0000000)
  object space 87552K, 9% used [0x00000000a0000000,0x00000000a0845820,0x00000000a5580000)
 Metaspace       used 19299K, capacity 19648K, committed 19840K, reserved 1067008K
  class space    used 2793K, capacity 2934K, committed 2944K, reserved 1048576K
}
Event: 6.163 GC heap before
{Heap before GC invocations=6 (full 0):
 PSYoungGen      total 38400K, used 14226K [0x00000000e0000000, 0x00000000e2a80000, 0x0000000100000000)
  eden space 33280K, 27% used [0x00000000e0000000,0x00000000e08e7aa8,0x00000000e2080000)
  from space 5120K, 99% used [0x00000000e2080000,0x00000000e257d040,0x00000000e2580000)
  to   space 5120K, 0% used [0x00000000e2580000,0x00000000e2580000,0x00000000e2a80000)
 ParOldGen       total 87552K, used 8470K [0x00000000a0000000, 0x00000000a5580000, 0x00000000e0000000)
  object space 87552K, 9% used [0x00000000a0000000,0x00000000a0845820,0x00000000a5580000)
 Metaspace       used 20767K, capacity 21120K, committed 21248K, reserved 1067008K
  class space    used 2917K, capacity 3062K, committed 3072K, reserved 1048576K
Event: 6.168 GC heap after
Heap after GC invocations=6 (full 0):
 PSYoungGen      total 33280K, used 5109K [0x00000000e0000000, 0x00000000e5500000, 0x0000000100000000)
  eden space 28160K, 0% used [0x00000000e0000000,0x00000000e0000000,0x00000000e1b80000)
  from space 5120K, 99% used [0x00000000e2580000,0x00000000e2a7d5c0,0x00000000e2a80000)
  to   space 10240K, 0% used [0x00000000e1b80000,0x00000000e1b80000,0x00000000e2580000)
 ParOldGen       total 87552K, used 10157K [0x00000000a0000000, 0x00000000a5580000, 0x00000000e0000000)
  object space 87552K, 11% used [0x00000000a0000000,0x00000000a09eb5f8,0x00000000a5580000)
 Metaspace       used 20767K, capacity 21120K, committed 21248K, reserved 1067008K
  class space    used 2917K, capacity 3062K, committed 3072K, reserved 1048576K
}
Event: 6.168 GC heap before
{Heap before GC invocations=7 (full 1):
 PSYoungGen      total 33280K, used 5109K [0x00000000e0000000, 0x00000000e5500000, 0x0000000100000000)
  eden space 28160K, 0% used [0x00000000e0000000,0x00000000e0000000,0x00000000e1b80000)
  from space 5120K, 99% used [0x00000000e2580000,0x00000000e2a7d5c0,0x00000000e2a80000)
  to   space 10240K, 0% used [0x00000000e1b80000,0x00000000e1b80000,0x00000000e2580000)
 ParOldGen       total 87552K, used 10157K [0x00000000a0000000, 0x00000000a5580000, 0x00000000e0000000)
  object space 87552K, 11% used [0x00000000a0000000,0x00000000a09eb5f8,0x00000000a5580000)
 Metaspace       used 20767K, capacity 21120K, committed 21248K, reserved 1067008K
  class space    used 2917K, capacity 3062K, committed 3072K, reserved 1048576K
Event: 6.200 GC heap after
Heap after GC invocations=7 (full 1):
 PSYoungGen      total 33280K, used 0K [0x00000000e0000000, 0x00000000e5500000, 0x0000000100000000)
  eden space 28160K, 0% used [0x00000000e0000000,0x00000000e0000000,0x00000000e1b80000)
  from space 5120K, 0% used [0x00000000e2580000,0x00000000e2580000,0x00000000e2a80000)
  to   space 10240K, 0% used [0x00000000e1b80000,0x00000000e1b80000,0x00000000e2580000)
 ParOldGen       total 55808K, used 10331K [0x00000000a0000000, 0x00000000a3680000, 0x00000000e0000000)
  object space 55808K, 18% used [0x00000000a0000000,0x00000000a0a16f18,0x00000000a3680000)
 Metaspace       used 20767K, capacity 21120K, committed 21248K, reserved 1067008K
  class space    used 2917K, capacity 3062K, committed 3072K, reserved 1048576K
}
Event: 6.581 GC heap before
{Heap before GC invocations=8 (full 1):
 PSYoungGen      total 33280K, used 28160K [0x00000000e0000000, 0x00000000e5500000, 0x0000000100000000)
  eden space 28160K, 100% used [0x00000000e0000000,0x00000000e1b80000,0x00000000e1b80000)
  from space 5120K, 0% used [0x00000000e2580000,0x00000000e2580000,0x00000000e2a80000)
  to   space 10240K, 0% used [0x00000000e1b80000,0x00000000e1b80000,0x00000000e2580000)
 ParOldGen       total 55808K, used 10331K [0x00000000a0000000, 0x00000000a3680000, 0x00000000e0000000)
  object space 55808K, 18% used [0x00000000a0000000,0x00000000a0a16f18,0x00000000a3680000)
 Metaspace       used 25368K, capacity 25766K, committed 26112K, reserved 1071104K
  class space    used 3417K, capacity 3582K, committed 3584K, reserved 1048576K
Event: 6.594 GC heap after
Heap after GC invocations=8 (full 1):
 PSYoungGen      total 38400K, used 3934K [0x00000000e0000000, 0x00000000e4600000, 0x0000000100000000)
  eden space 28160K, 0% used [0x00000000e0000000,0x00000000e0000000,0x00000000e1b80000)
  from space 10240K, 38% used [0x00000000e1b80000,0x00000000e1f57ab8,0x00000000e2580000)
  to   space 10240K, 0% used [0x00000000e3c00000,0x00000000e3c00000,0x00000000e4600000)
 ParOldGen       total 55808K, used 10339K [0x00000000a0000000, 0x00000000a3680000, 0x00000000e0000000)
  object space 55808K, 18% used [0x00000000a0000000,0x00000000a0a18f18,0x00000000a3680000)
 Metaspace       used 25368K, capacity 25766K, committed 26112K, reserved 1071104K
  class space    used 3417K, capacity 3582K, committed 3584K, reserved 1048576K
}

