# JRE version: OpenJDK Runtime Environment (8.0_202-b03) (build 1.8.0_202-release-1483-b03)
# Java VM: OpenJDK 64-Bit Server VM (25.202-b03 mixed mode windows-amd64 compressed oops)
Heap:
 PSYoungGen      total 284160K, used 227754K [0x00000000e0000000, 0x00000000f5980000, 0x0000000100000000)
  eden space 249344K, 77% used [0x00000000e0000000,0x00000000ebc70728,0x00000000ef380000)
  from space 34816K, 99% used [0x00000000f2300000,0x00000000f44fa438,0x00000000f4500000)
  to   space 48640K, 0% used [0x00000000ef380000,0x00000000ef380000,0x00000000f2300000)
 ParOldGen       total 126976K, used 77114K [0x00000000a0000000, 0x00000000a7c00000, 0x00000000e0000000)
  object space 126976K, 60% used [0x00000000a0000000,0x00000000a4b4e960,0x00000000a7c00000)
 Metaspace       used 83488K, capacity 86970K, committed 87000K, reserved 1124352K
  class space    used 11057K, capacity 11759K, committed 11776K, reserved 1048576K
GC Heap History (10 events):
Event: 9.185 GC heap before
{Heap before GC invocations=15 (full 3):
 PSYoungGen      total 207360K, used 2478K [0x00000000e0000000, 0x00000000eef00000, 0x0000000100000000)
  eden space 188416K, 0% used [0x00000000e0000000,0x00000000e0000000,0x00000000eb800000)
  from space 18944K, 13% used [0x00000000ecb00000,0x00000000ecd6b818,0x00000000edd80000)
  to   space 19456K, 0% used [0x00000000eb800000,0x00000000eb800000,0x00000000ecb00000)
 ParOldGen       total 83968K, used 37923K [0x00000000a0000000, 0x00000000a5200000, 0x00000000e0000000)
  object space 83968K, 45% used [0x00000000a0000000,0x00000000a2508ef8,0x00000000a5200000)
 Metaspace       used 57289K, capacity 58840K, committed 58968K, reserved 1099776K
  class space    used 7823K, capacity 8232K, committed 8320K, reserved 1048576K
Event: 9.376 GC heap after
Heap after GC invocations=15 (full 3):
 PSYoungGen      total 207360K, used 0K [0x00000000e0000000, 0x00000000eef00000, 0x0000000100000000)
  eden space 188416K, 0% used [0x00000000e0000000,0x00000000e0000000,0x00000000eb800000)
  from space 18944K, 0% used [0x00000000ecb00000,0x00000000ecb00000,0x00000000edd80000)
  to   space 19456K, 0% used [0x00000000eb800000,0x00000000eb800000,0x00000000ecb00000)
 ParOldGen       total 126976K, used 32350K [0x00000000a0000000, 0x00000000a7c00000, 0x00000000e0000000)
  object space 126976K, 25% used [0x00000000a0000000,0x00000000a1f97bc0,0x00000000a7c00000)
 Metaspace       used 57273K, capacity 58798K, committed 58968K, reserved 1099776K
  class space    used 7818K, capacity 8223K, committed 8320K, reserved 1048576K
}
Event: 20.164 GC heap before
{Heap before GC invocations=16 (full 3):
 PSYoungGen      total 207360K, used 188416K [0x00000000e0000000, 0x00000000eef00000, 0x0000000100000000)
  eden space 188416K, 100% used [0x00000000e0000000,0x00000000eb800000,0x00000000eb800000)
  from space 18944K, 0% used [0x00000000ecb00000,0x00000000ecb00000,0x00000000edd80000)
  to   space 19456K, 0% used [0x00000000eb800000,0x00000000eb800000,0x00000000ecb00000)
 ParOldGen       total 126976K, used 32350K [0x00000000a0000000, 0x00000000a7c00000, 0x00000000e0000000)
  object space 126976K, 25% used [0x00000000a0000000,0x00000000a1f97bc0,0x00000000a7c00000)
 Metaspace       used 64172K, capacity 66236K, committed 66264K, reserved 1105920K
  class space    used 8486K, capacity 8934K, committed 8960K, reserved 1048576K
Event: 20.181 GC heap after
Heap after GC invocations=16 (full 3):
 PSYoungGen      total 207872K, used 15002K [0x00000000e0000000, 0x00000000f0900000, 0x0000000100000000)
  eden space 188416K, 0% used [0x00000000e0000000,0x00000000e0000000,0x00000000eb800000)
  from space 19456K, 77% used [0x00000000eb800000,0x00000000ec6a6850,0x00000000ecb00000)
  to   space 20480K, 0% used [0x00000000ef500000,0x00000000ef500000,0x00000000f0900000)
 ParOldGen       total 126976K, used 32358K [0x00000000a0000000, 0x00000000a7c00000, 0x00000000e0000000)
  object space 126976K, 25% used [0x00000000a0000000,0x00000000a1f99bc0,0x00000000a7c00000)
 Metaspace       used 64172K, capacity 66236K, committed 66264K, reserved 1105920K
  class space    used 8486K, capacity 8934K, committed 8960K, reserved 1048576K
}
Event: 117.617 GC heap before
{Heap before GC invocations=17 (full 3):
 PSYoungGen      total 207872K, used 203418K [0x00000000e0000000, 0x00000000f0900000, 0x0000000100000000)
  eden space 188416K, 100% used [0x00000000e0000000,0x00000000eb800000,0x00000000eb800000)
  from space 19456K, 77% used [0x00000000eb800000,0x00000000ec6a6850,0x00000000ecb00000)
  to   space 20480K, 0% used [0x00000000ef500000,0x00000000ef500000,0x00000000f0900000)
 ParOldGen       total 126976K, used 32358K [0x00000000a0000000, 0x00000000a7c00000, 0x00000000e0000000)
  object space 126976K, 25% used [0x00000000a0000000,0x00000000a1f99bc0,0x00000000a7c00000)
 Metaspace       used 67097K, capacity 69448K, committed 69592K, reserved 1110016K
  class space    used 8890K, capacity 9404K, committed 9472K, reserved 1048576K
Event: 117.648 GC heap after
Heap after GC invocations=17 (full 3):
 PSYoungGen      total 242176K, used 18660K [0x00000000e0000000, 0x00000000f0780000, 0x0000000100000000)
  eden space 223232K, 0% used [0x00000000e0000000,0x00000000e0000000,0x00000000eda00000)
  from space 18944K, 98% used [0x00000000ef500000,0x00000000f0739070,0x00000000f0780000)
  to   space 23040K, 0% used [0x00000000eda80000,0x00000000eda80000,0x00000000ef100000)
 ParOldGen       total 126976K, used 32366K [0x00000000a0000000, 0x00000000a7c00000, 0x00000000e0000000)
  object space 126976K, 25% used [0x00000000a0000000,0x00000000a1f9bbc0,0x00000000a7c00000)
 Metaspace       used 67097K, capacity 69448K, committed 69592K, reserved 1110016K
  class space    used 8890K, capacity 9404K, committed 9472K, reserved 1048576K
}
Event: 121.344 GC heap before
{Heap before GC invocations=18 (full 3):
 PSYoungGen      total 242176K, used 241892K [0x00000000e0000000, 0x00000000f0780000, 0x0000000100000000)
  eden space 223232K, 100% used [0x00000000e0000000,0x00000000eda00000,0x00000000eda00000)
  from space 18944K, 98% used [0x00000000ef500000,0x00000000f0739070,0x00000000f0780000)
  to   space 23040K, 0% used [0x00000000eda80000,0x00000000eda80000,0x00000000ef100000)
 ParOldGen       total 126976K, used 32366K [0x00000000a0000000, 0x00000000a7c00000, 0x00000000e0000000)
  object space 126976K, 25% used [0x00000000a0000000,0x00000000a1f9bbc0,0x00000000a7c00000)
 Metaspace       used 79899K, capacity 83062K, committed 83288K, reserved 1122304K
  class space    used 10678K, capacity 11309K, committed 11392K, reserved 1048576K
Event: 121.386 GC heap after
Heap after GC invocations=18 (full 3):
 PSYoungGen      total 246784K, used 23010K [0x00000000e0000000, 0x00000000f4500000, 0x0000000100000000)
  eden space 223744K, 0% used [0x00000000e0000000,0x00000000e0000000,0x00000000eda80000)
  from space 23040K, 99% used [0x00000000eda80000,0x00000000ef0f8bb0,0x00000000ef100000)
  to   space 34816K, 0% used [0x00000000f2300000,0x00000000f2300000,0x00000000f4500000)
 ParOldGen       total 126976K, used 54930K [0x00000000a0000000, 0x00000000a7c00000, 0x00000000e0000000)
  object space 126976K, 43% used [0x00000000a0000000,0x00000000a35a4b18,0x00000000a7c00000)
 Metaspace       used 79899K, capacity 83062K, committed 83288K, reserved 1122304K
  class space    used 10678K, capacity 11309K, committed 11392K, reserved 1048576K
}
Event: 394.171 GC heap before
{Heap before GC invocations=19 (full 3):
 PSYoungGen      total 246784K, used 246754K [0x00000000e0000000, 0x00000000f4500000, 0x0000000100000000)
  eden space 223744K, 100% used [0x00000000e0000000,0x00000000eda80000,0x00000000eda80000)
  from space 23040K, 99% used [0x00000000eda80000,0x00000000ef0f8bb0,0x00000000ef100000)
  to   space 34816K, 0% used [0x00000000f2300000,0x00000000f2300000,0x00000000f4500000)
 ParOldGen       total 126976K, used 54930K [0x00000000a0000000, 0x00000000a7c00000, 0x00000000e0000000)
  object space 126976K, 43% used [0x00000000a0000000,0x00000000a35a4b18,0x00000000a7c00000)
 Metaspace       used 82605K, capacity 86024K, committed 86232K, reserved 1124352K
  class space    used 11003K, capacity 11658K, committed 11776K, reserved 1048576K
Event: 394.307 GC heap after
Heap after GC invocations=19 (full 3):
 PSYoungGen      total 284160K, used 34793K [0x00000000e0000000, 0x00000000f5980000, 0x0000000100000000)
  eden space 249344K, 0% used [0x00000000e0000000,0x00000000e0000000,0x00000000ef380000)
  from space 34816K, 99% used [0x00000000f2300000,0x00000000f44fa438,0x00000000f4500000)
  to   space 48640K, 0% used [0x00000000ef380000,0x00000000ef380000,0x00000000f2300000)
 ParOldGen       total 126976K, used 77114K [0x00000000a0000000, 0x00000000a7c00000, 0x00000000e0000000)
  object space 126976K, 60% used [0x00000000a0000000,0x00000000a4b4e960,0x00000000a7c00000)
 Metaspace       used 82605K, capacity 86024K, committed 86232K, reserved 1124352K
  class space    used 11003K, capacity 11658K, committed 11776K, reserved 1048576K
}

