# JRE version: OpenJDK Runtime Environment (8.0_202-b03) (build 1.8.0_202-release-1483-b03)
# Java VM: OpenJDK 64-Bit Server VM (25.202-b03 mixed mode windows-amd64 compressed oops)
Heap:
 PSYoungGen      total 147968K, used 62594K [0x00000000e0000000, 0x00000000ea400000, 0x0000000100000000)
  eden space 134144K, 37% used [0x00000000e0000000,0x00000000e31604e0,0x00000000e8300000)
  from space 13824K, 87% used [0x00000000e8900000,0x00000000e94c04b0,0x00000000e9680000)
  to   space 11776K, 0% used [0x00000000e9880000,0x00000000e9880000,0x00000000ea400000)
 ParOldGen       total 91136K, used 28523K [0x00000000a0000000, 0x00000000a5900000, 0x00000000e0000000)
  object space 91136K, 31% used [0x00000000a0000000,0x00000000a1bdafe8,0x00000000a5900000)
 Metaspace       used 65221K, capacity 67159K, committed 67416K, reserved 1107968K
  class space    used 8803K, capacity 9263K, committed 9344K, reserved 1048576K
GC Heap History (10 events):
Event: 5.527 GC heap before
{Heap before GC invocations=12 (full 2):
 PSYoungGen      total 116224K, used 104960K [0x00000000e0000000, 0x00000000ea400000, 0x0000000100000000)
  eden space 104960K, 100% used [0x00000000e0000000,0x00000000e6680000,0x00000000e6680000)
  from space 11264K, 0% used [0x00000000e6680000,0x00000000e6680000,0x00000000e7180000)
  to   space 11776K, 0% used [0x00000000e9880000,0x00000000e9880000,0x00000000ea400000)
 ParOldGen       total 91136K, used 16533K [0x00000000a0000000, 0x00000000a5900000, 0x00000000e0000000)
  object space 91136K, 18% used [0x00000000a0000000,0x00000000a10255f8,0x00000000a5900000)
 Metaspace       used 45284K, capacity 46166K, committed 46336K, reserved 1089536K
  class space    used 6105K, capacity 6378K, committed 6400K, reserved 1048576K
Event: 5.540 GC heap after
Heap after GC invocations=12 (full 2):
 PSYoungGen      total 145920K, used 11751K [0x00000000e0000000, 0x00000000ea400000, 0x0000000100000000)
  eden space 134144K, 0% used [0x00000000e0000000,0x00000000e0000000,0x00000000e8300000)
  from space 11776K, 99% used [0x00000000e9880000,0x00000000ea3f9ca8,0x00000000ea400000)
  to   space 13824K, 0% used [0x00000000e8900000,0x00000000e8900000,0x00000000e9680000)
 ParOldGen       total 91136K, used 18882K [0x00000000a0000000, 0x00000000a5900000, 0x00000000e0000000)
  object space 91136K, 20% used [0x00000000a0000000,0x00000000a1270b38,0x00000000a5900000)
 Metaspace       used 45284K, capacity 46166K, committed 46336K, reserved 1089536K
  class space    used 6105K, capacity 6378K, committed 6400K, reserved 1048576K
}
Event: 7.034 GC heap before
{Heap before GC invocations=13 (full 2):
 PSYoungGen      total 145920K, used 145895K [0x00000000e0000000, 0x00000000ea400000, 0x0000000100000000)
  eden space 134144K, 100% used [0x00000000e0000000,0x00000000e8300000,0x00000000e8300000)
  from space 11776K, 99% used [0x00000000e9880000,0x00000000ea3f9ca8,0x00000000ea400000)
  to   space 13824K, 0% used [0x00000000e8900000,0x00000000e8900000,0x00000000e9680000)
 ParOldGen       total 91136K, used 18882K [0x00000000a0000000, 0x00000000a5900000, 0x00000000e0000000)
  object space 91136K, 20% used [0x00000000a0000000,0x00000000a1270b38,0x00000000a5900000)
 Metaspace       used 56410K, capacity 57928K, committed 57984K, reserved 1099776K
  class space    used 7670K, capacity 8059K, committed 8064K, reserved 1048576K
Event: 7.063 GC heap after
Heap after GC invocations=13 (full 2):
 PSYoungGen      total 147968K, used 13814K [0x00000000e0000000, 0x00000000ea400000, 0x0000000100000000)
  eden space 134144K, 0% used [0x00000000e0000000,0x00000000e0000000,0x00000000e8300000)
  from space 13824K, 99% used [0x00000000e8900000,0x00000000e967d890,0x00000000e9680000)
  to   space 11776K, 0% used [0x00000000e9880000,0x00000000e9880000,0x00000000ea400000)
 ParOldGen       total 91136K, used 26188K [0x00000000a0000000, 0x00000000a5900000, 0x00000000e0000000)
  object space 91136K, 28% used [0x00000000a0000000,0x00000000a1993070,0x00000000a5900000)
 Metaspace       used 56410K, capacity 57928K, committed 57984K, reserved 1099776K
  class space    used 7670K, capacity 8059K, committed 8064K, reserved 1048576K
}
Event: 7.328 GC heap before
{Heap before GC invocations=14 (full 2):
 PSYoungGen      total 147968K, used 31814K [0x00000000e0000000, 0x00000000ea400000, 0x0000000100000000)
  eden space 134144K, 13% used [0x00000000e0000000,0x00000000e1193fb8,0x00000000e8300000)
  from space 13824K, 99% used [0x00000000e8900000,0x00000000e967d890,0x00000000e9680000)
  to   space 11776K, 0% used [0x00000000e9880000,0x00000000e9880000,0x00000000ea400000)
 ParOldGen       total 91136K, used 26188K [0x00000000a0000000, 0x00000000a5900000, 0x00000000e0000000)
  object space 91136K, 28% used [0x00000000a0000000,0x00000000a1993070,0x00000000a5900000)
 Metaspace       used 57336K, capacity 59039K, committed 59096K, reserved 1099776K
  class space    used 7783K, capacity 8192K, committed 8192K, reserved 1048576K
Event: 7.342 GC heap after
Heap after GC invocations=14 (full 2):
 PSYoungGen      total 145920K, used 1904K [0x00000000e0000000, 0x00000000ea400000, 0x0000000100000000)
  eden space 134144K, 0% used [0x00000000e0000000,0x00000000e0000000,0x00000000e8300000)
  from space 11776K, 16% used [0x00000000e9880000,0x00000000e9a5c048,0x00000000ea400000)
  to   space 13824K, 0% used [0x00000000e8900000,0x00000000e8900000,0x00000000e9680000)
 ParOldGen       total 91136K, used 32333K [0x00000000a0000000, 0x00000000a5900000, 0x00000000e0000000)
  object space 91136K, 35% used [0x00000000a0000000,0x00000000a1f936e8,0x00000000a5900000)
 Metaspace       used 57336K, capacity 59039K, committed 59096K, reserved 1099776K
  class space    used 7783K, capacity 8192K, committed 8192K, reserved 1048576K
}
Event: 7.342 GC heap before
{Heap before GC invocations=15 (full 3):
 PSYoungGen      total 145920K, used 1904K [0x00000000e0000000, 0x00000000ea400000, 0x0000000100000000)
  eden space 134144K, 0% used [0x00000000e0000000,0x00000000e0000000,0x00000000e8300000)
  from space 11776K, 16% used [0x00000000e9880000,0x00000000e9a5c048,0x00000000ea400000)
  to   space 13824K, 0% used [0x00000000e8900000,0x00000000e8900000,0x00000000e9680000)
 ParOldGen       total 91136K, used 32333K [0x00000000a0000000, 0x00000000a5900000, 0x00000000e0000000)
  object space 91136K, 35% used [0x00000000a0000000,0x00000000a1f936e8,0x00000000a5900000)
 Metaspace       used 57336K, capacity 59039K, committed 59096K, reserved 1099776K
  class space    used 7783K, capacity 8192K, committed 8192K, reserved 1048576K
Event: 7.531 GC heap after
Heap after GC invocations=15 (full 3):
 PSYoungGen      total 145920K, used 0K [0x00000000e0000000, 0x00000000ea400000, 0x0000000100000000)
  eden space 134144K, 0% used [0x00000000e0000000,0x00000000e0000000,0x00000000e8300000)
  from space 11776K, 0% used [0x00000000e9880000,0x00000000e9880000,0x00000000ea400000)
  to   space 13824K, 0% used [0x00000000e8900000,0x00000000e8900000,0x00000000e9680000)
 ParOldGen       total 91136K, used 28515K [0x00000000a0000000, 0x00000000a5900000, 0x00000000e0000000)
  object space 91136K, 31% used [0x00000000a0000000,0x00000000a1bd8fe8,0x00000000a5900000)
 Metaspace       used 57336K, capacity 59039K, committed 59096K, reserved 1099776K
  class space    used 7783K, capacity 8192K, committed 8192K, reserved 1048576K
}
Event: 9.407 GC heap before
{Heap before GC invocations=16 (full 3):
 PSYoungGen      total 145920K, used 134144K [0x00000000e0000000, 0x00000000ea400000, 0x0000000100000000)
  eden space 134144K, 100% used [0x00000000e0000000,0x00000000e8300000,0x00000000e8300000)
  from space 11776K, 0% used [0x00000000e9880000,0x00000000e9880000,0x00000000ea400000)
  to   space 13824K, 0% used [0x00000000e8900000,0x00000000e8900000,0x00000000e9680000)
 ParOldGen       total 91136K, used 28515K [0x00000000a0000000, 0x00000000a5900000, 0x00000000e0000000)
  object space 91136K, 31% used [0x00000000a0000000,0x00000000a1bd8fe8,0x00000000a5900000)
 Metaspace       used 62987K, capacity 64937K, committed 65112K, reserved 1105920K
  class space    used 8571K, capacity 9062K, committed 9088K, reserved 1048576K
Event: 9.419 GC heap after
Heap after GC invocations=16 (full 3):
 PSYoungGen      total 147968K, used 12033K [0x00000000e0000000, 0x00000000ea400000, 0x0000000100000000)
  eden space 134144K, 0% used [0x00000000e0000000,0x00000000e0000000,0x00000000e8300000)
  from space 13824K, 87% used [0x00000000e8900000,0x00000000e94c04b0,0x00000000e9680000)
  to   space 11776K, 0% used [0x00000000e9880000,0x00000000e9880000,0x00000000ea400000)
 ParOldGen       total 91136K, used 28523K [0x00000000a0000000, 0x00000000a5900000, 0x00000000e0000000)
  object space 91136K, 31% used [0x00000000a0000000,0x00000000a1bdafe8,0x00000000a5900000)
 Metaspace       used 62987K, capacity 64937K, committed 65112K, reserved 1105920K
  class space    used 8571K, capacity 9062K, committed 9088K, reserved 1048576K
}

