# JRE version: OpenJDK Runtime Environment (8.0_202-b03) (build 1.8.0_202-release-1483-b03)
# Java VM: OpenJDK 64-Bit Server VM (25.202-b03 mixed mode windows-amd64 compressed oops)
Heap:
 PSYoungGen      total 172032K, used 117505K [0x00000000e0000000, 0x00000000ed680000, 0x0000000100000000)
  eden space 151552K, 69% used [0x00000000e0000000,0x00000000e668ae80,0x00000000e9400000)
  from space 20480K, 61% used [0x00000000e9400000,0x00000000ea035650,0x00000000ea800000)
  to   space 19968K, 0% used [0x00000000ec300000,0x00000000ec300000,0x00000000ed680000)
 ParOldGen       total 147968K, used 33998K [0x00000000a0000000, 0x00000000a9080000, 0x00000000e0000000)
  object space 147968K, 22% used [0x00000000a0000000,0x00000000a2133b00,0x00000000a9080000)
 Metaspace       used 66569K, capacity 68588K, committed 68864K, reserved 1107968K
  class space    used 8899K, capacity 9362K, committed 9472K, reserved 1048576K
GC Heap History (10 events):
Event: 5.615 GC heap before
{Heap before GC invocations=12 (full 2):
 PSYoungGen      total 110592K, used 99840K [0x00000000e0000000, 0x00000000e9500000, 0x0000000100000000)
  eden space 99840K, 100% used [0x00000000e0000000,0x00000000e6180000,0x00000000e6180000)
  from space 10752K, 0% used [0x00000000e6180000,0x00000000e6180000,0x00000000e6c00000)
  to   space 11776K, 0% used [0x00000000e8980000,0x00000000e8980000,0x00000000e9500000)
 ParOldGen       total 98304K, used 16799K [0x00000000a0000000, 0x00000000a6000000, 0x00000000e0000000)
  object space 98304K, 17% used [0x00000000a0000000,0x00000000a1067ff0,0x00000000a6000000)
 Metaspace       used 45086K, capacity 46020K, committed 46336K, reserved 1089536K
  class space    used 6054K, capacity 6330K, committed 6400K, reserved 1048576K
Event: 5.625 GC heap after
Heap after GC invocations=12 (full 2):
 PSYoungGen      total 135168K, used 11772K [0x00000000e0000000, 0x00000000e9500000, 0x0000000100000000)
  eden space 123392K, 0% used [0x00000000e0000000,0x00000000e0000000,0x00000000e7880000)
  from space 11776K, 99% used [0x00000000e8980000,0x00000000e94ff1c0,0x00000000e9500000)
  to   space 13312K, 0% used [0x00000000e7b00000,0x00000000e7b00000,0x00000000e8800000)
 ParOldGen       total 98304K, used 18335K [0x00000000a0000000, 0x00000000a6000000, 0x00000000e0000000)
  object space 98304K, 18% used [0x00000000a0000000,0x00000000a11e7f40,0x00000000a6000000)
 Metaspace       used 45086K, capacity 46020K, committed 46336K, reserved 1089536K
  class space    used 6054K, capacity 6330K, committed 6400K, reserved 1048576K
}
Event: 6.728 GC heap before
{Heap before GC invocations=13 (full 2):
 PSYoungGen      total 135168K, used 135164K [0x00000000e0000000, 0x00000000e9500000, 0x0000000100000000)
  eden space 123392K, 100% used [0x00000000e0000000,0x00000000e7880000,0x00000000e7880000)
  from space 11776K, 99% used [0x00000000e8980000,0x00000000e94ff1c0,0x00000000e9500000)
  to   space 13312K, 0% used [0x00000000e7b00000,0x00000000e7b00000,0x00000000e8800000)
 ParOldGen       total 98304K, used 18335K [0x00000000a0000000, 0x00000000a6000000, 0x00000000e0000000)
  object space 98304K, 18% used [0x00000000a0000000,0x00000000a11e7f40,0x00000000a6000000)
 Metaspace       used 52667K, capacity 54238K, committed 54528K, reserved 1095680K
  class space    used 7172K, capacity 7584K, committed 7680K, reserved 1048576K
Event: 6.757 GC heap after
Heap after GC invocations=13 (full 2):
 PSYoungGen      total 139264K, used 13308K [0x00000000e0000000, 0x00000000eb900000, 0x0000000100000000)
  eden space 125952K, 0% used [0x00000000e0000000,0x00000000e0000000,0x00000000e7b00000)
  from space 13312K, 99% used [0x00000000e7b00000,0x00000000e87ff320,0x00000000e8800000)
  to   space 17408K, 0% used [0x00000000ea800000,0x00000000ea800000,0x00000000eb900000)
 ParOldGen       total 98304K, used 24767K [0x00000000a0000000, 0x00000000a6000000, 0x00000000e0000000)
  object space 98304K, 25% used [0x00000000a0000000,0x00000000a182fff0,0x00000000a6000000)
 Metaspace       used 52667K, capacity 54238K, committed 54528K, reserved 1095680K
  class space    used 7172K, capacity 7584K, committed 7680K, reserved 1048576K
}
Event: 7.914 GC heap before
{Heap before GC invocations=14 (full 2):
 PSYoungGen      total 139264K, used 75969K [0x00000000e0000000, 0x00000000eb900000, 0x0000000100000000)
  eden space 125952K, 49% used [0x00000000e0000000,0x00000000e3d31498,0x00000000e7b00000)
  from space 13312K, 99% used [0x00000000e7b00000,0x00000000e87ff320,0x00000000e8800000)
  to   space 17408K, 0% used [0x00000000ea800000,0x00000000ea800000,0x00000000eb900000)
 ParOldGen       total 98304K, used 24767K [0x00000000a0000000, 0x00000000a6000000, 0x00000000e0000000)
  object space 98304K, 25% used [0x00000000a0000000,0x00000000a182fff0,0x00000000a6000000)
 Metaspace       used 57385K, capacity 58984K, committed 59096K, reserved 1099776K
  class space    used 7824K, capacity 8242K, committed 8320K, reserved 1048576K
Event: 7.929 GC heap after
Heap after GC invocations=14 (full 2):
 PSYoungGen      total 168960K, used 17386K [0x00000000e0000000, 0x00000000ec100000, 0x0000000100000000)
  eden space 151552K, 0% used [0x00000000e0000000,0x00000000e0000000,0x00000000e9400000)
  from space 17408K, 99% used [0x00000000ea800000,0x00000000eb8fab38,0x00000000eb900000)
  to   space 20480K, 0% used [0x00000000e9400000,0x00000000e9400000,0x00000000ea800000)
 ParOldGen       total 98304K, used 26589K [0x00000000a0000000, 0x00000000a6000000, 0x00000000e0000000)
  object space 98304K, 27% used [0x00000000a0000000,0x00000000a19f77e0,0x00000000a6000000)
 Metaspace       used 57385K, capacity 58984K, committed 59096K, reserved 1099776K
  class space    used 7824K, capacity 8242K, committed 8320K, reserved 1048576K
}
Event: 7.929 GC heap before
{Heap before GC invocations=15 (full 3):
 PSYoungGen      total 168960K, used 17386K [0x00000000e0000000, 0x00000000ec100000, 0x0000000100000000)
  eden space 151552K, 0% used [0x00000000e0000000,0x00000000e0000000,0x00000000e9400000)
  from space 17408K, 99% used [0x00000000ea800000,0x00000000eb8fab38,0x00000000eb900000)
  to   space 20480K, 0% used [0x00000000e9400000,0x00000000e9400000,0x00000000ea800000)
 ParOldGen       total 98304K, used 26589K [0x00000000a0000000, 0x00000000a6000000, 0x00000000e0000000)
  object space 98304K, 27% used [0x00000000a0000000,0x00000000a19f77e0,0x00000000a6000000)
 Metaspace       used 57385K, capacity 58984K, committed 59096K, reserved 1099776K
  class space    used 7824K, capacity 8242K, committed 8320K, reserved 1048576K
Event: 8.106 GC heap after
Heap after GC invocations=15 (full 3):
 PSYoungGen      total 168960K, used 0K [0x00000000e0000000, 0x00000000ec100000, 0x0000000100000000)
  eden space 151552K, 0% used [0x00000000e0000000,0x00000000e0000000,0x00000000e9400000)
  from space 17408K, 0% used [0x00000000ea800000,0x00000000ea800000,0x00000000eb900000)
  to   space 20480K, 0% used [0x00000000e9400000,0x00000000e9400000,0x00000000ea800000)
 ParOldGen       total 147968K, used 33990K [0x00000000a0000000, 0x00000000a9080000, 0x00000000e0000000)
  object space 147968K, 22% used [0x00000000a0000000,0x00000000a2131b00,0x00000000a9080000)
 Metaspace       used 57385K, capacity 58984K, committed 59096K, reserved 1099776K
  class space    used 7824K, capacity 8242K, committed 8320K, reserved 1048576K
}
Event: 10.344 GC heap before
{Heap before GC invocations=16 (full 3):
 PSYoungGen      total 168960K, used 151552K [0x00000000e0000000, 0x00000000ec100000, 0x0000000100000000)
  eden space 151552K, 100% used [0x00000000e0000000,0x00000000e9400000,0x00000000e9400000)
  from space 17408K, 0% used [0x00000000ea800000,0x00000000ea800000,0x00000000eb900000)
  to   space 20480K, 0% used [0x00000000e9400000,0x00000000e9400000,0x00000000ea800000)
 ParOldGen       total 147968K, used 33990K [0x00000000a0000000, 0x00000000a9080000, 0x00000000e0000000)
  object space 147968K, 22% used [0x00000000a0000000,0x00000000a2131b00,0x00000000a9080000)
 Metaspace       used 60806K, capacity 62776K, committed 63104K, reserved 1103872K
  class space    used 8291K, capacity 8746K, committed 8832K, reserved 1048576K
Event: 10.365 GC heap after
Heap after GC invocations=16 (full 3):
 PSYoungGen      total 172032K, used 12501K [0x00000000e0000000, 0x00000000ed680000, 0x0000000100000000)
  eden space 151552K, 0% used [0x00000000e0000000,0x00000000e0000000,0x00000000e9400000)
  from space 20480K, 61% used [0x00000000e9400000,0x00000000ea035650,0x00000000ea800000)
  to   space 19968K, 0% used [0x00000000ec300000,0x00000000ec300000,0x00000000ed680000)
 ParOldGen       total 147968K, used 33998K [0x00000000a0000000, 0x00000000a9080000, 0x00000000e0000000)
  object space 147968K, 22% used [0x00000000a0000000,0x00000000a2133b00,0x00000000a9080000)
 Metaspace       used 60806K, capacity 62776K, committed 63104K, reserved 1103872K
  class space    used 8291K, capacity 8746K, committed 8832K, reserved 1048576K
}

